2026-01-09 00:23:48 - root - INFO - Database initialization start
2026-01-09 00:23:49 - sqlalchemy.engine.Engine - INFO - select pg_catalog.version()
2026-01-09 00:23:49 - sqlalchemy.engine.Engine - INFO - [raw sql] ()
2026-01-09 00:23:49 - sqlalchemy.engine.Engine - INFO - select current_schema()
2026-01-09 00:23:49 - sqlalchemy.engine.Engine - INFO - [raw sql] ()
2026-01-09 00:23:49 - sqlalchemy.engine.Engine - INFO - show standard_conforming_strings
2026-01-09 00:23:49 - sqlalchemy.engine.Engine - INFO - [raw sql] ()
2026-01-09 00:23:49 - sqlalchemy.engine.Engine - INFO - BEGIN (implicit)
2026-01-09 00:23:49 - sqlalchemy.engine.Engine - INFO - SELECT pg_catalog.pg_class.relname 
FROM pg_catalog.pg_class JOIN pg_catalog.pg_namespace ON pg_catalog.pg_namespace.oid = pg_catalog.pg_class.relnamespace 
WHERE pg_catalog.pg_class.relname = $1::VARCHAR AND pg_catalog.pg_class.relkind = ANY (ARRAY[$2::VARCHAR, $3::VARCHAR, $4::VARCHAR, $5::VARCHAR, $6::VARCHAR]) AND pg_catalog.pg_table_is_visible(pg_catalog.pg_class.oid) AND pg_catalog.pg_namespace.nspname != $7::VARCHAR
2026-01-09 00:23:49 - sqlalchemy.engine.Engine - INFO - [generated in 0.00173s] ('registrations', 'r', 'p', 'f', 'v', 'm', 'pg_catalog')
2026-01-09 00:23:49 - sqlalchemy.engine.Engine - INFO - SELECT pg_catalog.pg_type.typname 
FROM pg_catalog.pg_type JOIN pg_catalog.pg_namespace ON pg_catalog.pg_namespace.oid = pg_catalog.pg_type.typnamespace 
WHERE pg_catalog.pg_type.typname = $1::VARCHAR AND pg_catalog.pg_type_is_visible(pg_catalog.pg_type.oid) AND pg_catalog.pg_namespace.nspname != $2::VARCHAR
2026-01-09 00:23:49 - sqlalchemy.engine.Engine - INFO - [generated in 0.00107s] ('registrationstatus', 'pg_catalog')
2026-01-09 00:23:49 - sqlalchemy.engine.Engine - INFO - CREATE TYPE registrationstatus AS ENUM ('KRS_VERIFIED', 'ROLE_SELECTED', 'COMPLETED', 'FAILED')
2026-01-09 00:23:49 - sqlalchemy.engine.Engine - INFO - [no key 0.00094s] ()
2026-01-09 00:23:49 - sqlalchemy.engine.Engine - INFO - SELECT pg_catalog.pg_type.typname 
FROM pg_catalog.pg_type JOIN pg_catalog.pg_namespace ON pg_catalog.pg_namespace.oid = pg_catalog.pg_type.typnamespace 
WHERE pg_catalog.pg_type.typname = $1::VARCHAR AND pg_catalog.pg_type_is_visible(pg_catalog.pg_type.oid) AND pg_catalog.pg_namespace.nspname != $2::VARCHAR
2026-01-09 00:23:49 - sqlalchemy.engine.Engine - INFO - [cached since 0.05022s ago] ('accounttype', 'pg_catalog')
2026-01-09 00:23:49 - sqlalchemy.engine.Engine - INFO - CREATE TYPE accounttype AS ENUM ('SHIPPER', 'CARRIER')
2026-01-09 00:23:49 - sqlalchemy.engine.Engine - INFO - [no key 0.00136s] ()
2026-01-09 00:23:49 - sqlalchemy.engine.Engine - INFO - 
CREATE TABLE registrations (
	id SERIAL NOT NULL, 
	registration_id UUID NOT NULL, 
	created_at TIMESTAMP WITHOUT TIME ZONE NOT NULL, 
	updated_at TIMESTAMP WITHOUT TIME ZONE, 
	email VARCHAR(255) NOT NULL, 
	name VARCHAR(100) NOT NULL, 
	surname VARCHAR(100) NOT NULL, 
	password VARCHAR(255) NOT NULL, 
	nip VARCHAR(10) NOT NULL, 
	registration_status registrationstatus NOT NULL, 
	account_type accounttype, 
	PRIMARY KEY (id), 
	CONSTRAINT uq_registration_registration_id UNIQUE (registration_id), 
	CONSTRAINT uq_registration_email UNIQUE (email), 
	CONSTRAINT uq_registration_nip UNIQUE (nip)
)


2026-01-09 00:23:49 - sqlalchemy.engine.Engine - INFO - [no key 0.00251s] ()
2026-01-09 00:23:49 - root - INFO - Database initialization success
2026-01-09 00:23:49 - sqlalchemy.engine.Engine - INFO - COMMIT
